Symlinking /home/q/Go2/devel/include/go_arm/Mycaryolo.h
Symlinking /home/q/Go2/devel/lib/go_arm/go2_yolov8
Symlinking /home/q/Go2/devel/lib/go_arm/go2_grasp
Symlinking /home/q/Go2/devel/lib/go_arm/go2_yolov8.py
Symlinking /home/q/Go2/devel/lib/python3/dist-packages/go_arm/__init__.py
Symlinking /home/q/Go2/devel/lib/python3/dist-packages/go_arm/msg/_Mycaryolo.py
Symlinking /home/q/Go2/devel/lib/python3/dist-packages/go_arm/msg/__init__.py
Symlinking /home/q/Go2/devel/lib/pkgconfig/go_arm.pc
Symlinking /home/q/Go2/devel/share/gennodejs/ros/go_arm/_index.js
Symlinking /home/q/Go2/devel/share/gennodejs/ros/go_arm/msg/_index.js
Symlinking /home/q/Go2/devel/share/gennodejs/ros/go_arm/msg/Mycaryolo.js
Symlinking /home/q/Go2/devel/share/go_arm/cmake/go_armConfig-version.cmake
Symlinking /home/q/Go2/devel/share/go_arm/cmake/go_arm-msg-extras.cmake
Symlinking /home/q/Go2/devel/share/go_arm/cmake/go_armConfig.cmake
Symlinking /home/q/Go2/devel/share/go_arm/cmake/go_arm-msg-paths.cmake
Symlinking /home/q/Go2/devel/share/common-lisp/ros/go_arm/msg/go_arm-msg.asd
Symlinking /home/q/Go2/devel/share/common-lisp/ros/go_arm/msg/_package.lisp
Symlinking /home/q/Go2/devel/share/common-lisp/ros/go_arm/msg/_package_Mycaryolo.lisp
Symlinking /home/q/Go2/devel/share/common-lisp/ros/go_arm/msg/Mycaryolo.lisp
Symlinking /home/q/Go2/devel/share/roseus/ros/go_arm/manifest.l
Symlinking /home/q/Go2/devel/share/roseus/ros/go_arm/msg/Mycaryolo.l
