[35m[1mScanning dependencies of target std_msgs_generate_messages_nodejs[0m
[35m[1mScanning dependencies of target geometry_msgs_generate_messages_eus[0m
[35m[1mScanning dependencies of target std_msgs_generate_messages_lisp[0m
[35m[1mScanning dependencies of target std_msgs_generate_messages_eus[0m
[35m[1mScanning dependencies of target geometry_msgs_generate_messages_cpp[0m
[35m[1mScanning dependencies of target go2_grasp[0m
[35m[1mScanning dependencies of target std_msgs_generate_messages_cpp[0m
[35m[1mScanning dependencies of target geometry_msgs_generate_messages_nodejs[0m
[35m[1mScanning dependencies of target go2_yolov8[0m
[35m[1mScanning dependencies of target _go_arm_generate_messages_check_deps_Mycaryolo[0m
[35m[1mScanning dependencies of target geometry_msgs_generate_messages_py[0m
[35m[1mScanning dependencies of target geometry_msgs_generate_messages_lisp[0m
[35m[1mScanning dependencies of target std_msgs_generate_messages_py[0m
[  0%] Built target std_msgs_generate_messages_eus
[  0%] Built target std_msgs_generate_messages_nodejs
[  0%] Built target geometry_msgs_generate_messages_eus
[  0%] Built target geometry_msgs_generate_messages_cpp
[  0%] Built target std_msgs_generate_messages_cpp
[  0%] Built target geometry_msgs_generate_messages_lisp
[  0%] Built target std_msgs_generate_messages_py
[  0%] Built target geometry_msgs_generate_messages_py
[  0%] Built target std_msgs_generate_messages_lisp
[  0%] Built target geometry_msgs_generate_messages_nodejs
[  9%] [32mBuilding CXX object CMakeFiles/go2_grasp.dir/src/go2_grasp.cpp.o[0m
[ 18%] [32mBuilding CXX object CMakeFiles/go2_yolov8.dir/src/go2_yolov8.cpp.o[0m
[ 18%] Built target _go_arm_generate_messages_check_deps_Mycaryolo
[35m[1mScanning dependencies of target go_arm_generate_messages_eus[0m
[35m[1mScanning dependencies of target go_arm_generate_messages_nodejs[0m
[35m[1mScanning dependencies of target go_arm_generate_messages_lisp[0m
[35m[1mScanning dependencies of target go_arm_generate_messages_cpp[0m
[35m[1mScanning dependencies of target go_arm_generate_messages_py[0m
[ 27%] [34m[1mGenerating Lisp code from go_arm/Mycaryolo.msg[0m
[ 36%] [34m[1mGenerating C++ code from go_arm/Mycaryolo.msg[0m
[ 45%] [34m[1mGenerating Python from MSG go_arm/Mycaryolo[0m
[ 54%] [34m[1mGenerating EusLisp code from go_arm/Mycaryolo.msg[0m
[ 63%] [34m[1mGenerating Javascript code from go_arm/Mycaryolo.msg[0m
[ 72%] [34m[1mGenerating EusLisp manifest code for go_arm[0m
[ 72%] Built target go_arm_generate_messages_lisp
[ 72%] Built target go_arm_generate_messages_nodejs
[ 72%] Built target go_arm_generate_messages_cpp
[ 81%] [34m[1mGenerating Python msg __init__.py for go_arm[0m
[ 81%] Built target go_arm_generate_messages_py
[ 81%] Built target go_arm_generate_messages_eus
[35m[1mScanning dependencies of target go_arm_generate_messages[0m
[ 81%] Built target go_arm_generate_messages
[ 90%] [32m[1mLinking CXX executable /home/q/Go2/devel/.private/go_arm/lib/go_arm/go2_grasp[0m
[ 90%] Built target go2_grasp
[100%] [32m[1mLinking CXX executable /home/q/Go2/devel/.private/go_arm/lib/go_arm/go2_yolov8[0m
[100%] Built target go2_yolov8
